0 info it worked if it ends with ok
1 verbose cli [ '/usr/bin/nodejs', '/usr/bin/npm', 'run', 'webpack' ]
2 info using npm@3.10.10
3 info using node@v6.10.2
4 verbose run-script [ 'prewebpack', 'webpack', 'postwebpack' ]
5 info lifecycle learning-react@1.0.0~prewebpack: learning-react@1.0.0
6 silly lifecycle learning-react@1.0.0~prewebpack: no script for prewebpack, continuing
7 info lifecycle learning-react@1.0.0~webpack: learning-react@1.0.0
8 verbose lifecycle learning-react@1.0.0~webpack: unsafe-perm in lifecycle true
9 verbose lifecycle learning-react@1.0.0~webpack: PATH: /usr/lib/node_modules/npm/bin/node-gyp-bin:/mnt/c/Users/Jhonn/Documents/Projects/react-todo/node_modules/.bin:/usr/local/sbin:/usr/local/bin:/usr/sbin:/usr/bin:/sbin:/bin:/usr/games:/usr/local/games:/mnt/c/cmder_mini/vendor/conemu-maximus5/ConEmu/Scripts:/mnt/c/cmder_mini/vendor/conemu-maximus5:/mnt/c/cmder_mini/vendor/conemu-maximus5/ConEmu:/mnt/c/ProgramData/Oracle/Java/javapath:/mnt/c/Windows/System32:/mnt/c/Windows:/mnt/c/Windows/System32/wbem:/mnt/c/Windows/System32/WindowsPowerShell/v1.0:/mnt/c/Program Files (x86)/NVIDIA Corporation/PhysX/Common:/mnt/c/Program Files/Git/cmd:/mnt/c/Windows/System32:/mnt/c/Windows:/mnt/c/Windows/System32/wbem:/mnt/c/Windows/System32/WindowsPowerShell/v1.0:/mnt/c/Users/Jhonn/AppData/Local/Microsoft/WindowsApps:/mnt/c/Program Files (x86)/Microsoft VS Code/bin
10 verbose lifecycle learning-react@1.0.0~webpack: CWD: /mnt/c/Users/Jhonn/Documents/Projects/react-todo
11 silly lifecycle learning-react@1.0.0~webpack: Args: [ '-c', 'webpack --watch' ]
12 silly lifecycle learning-react@1.0.0~webpack: Returned: code: 1  signal: null
13 info lifecycle learning-react@1.0.0~webpack: Failed to exec webpack script
14 verbose stack Error: learning-react@1.0.0 webpack: `webpack --watch`
14 verbose stack Exit status 1
14 verbose stack     at EventEmitter.<anonymous> (/usr/lib/node_modules/npm/lib/utils/lifecycle.js:255:16)
14 verbose stack     at emitTwo (events.js:106:13)
14 verbose stack     at EventEmitter.emit (events.js:191:7)
14 verbose stack     at ChildProcess.<anonymous> (/usr/lib/node_modules/npm/lib/utils/spawn.js:40:14)
14 verbose stack     at emitTwo (events.js:106:13)
14 verbose stack     at ChildProcess.emit (events.js:191:7)
14 verbose stack     at maybeClose (internal/child_process.js:886:16)
14 verbose stack     at Process.ChildProcess._handle.onexit (internal/child_process.js:226:5)
15 verbose pkgid learning-react@1.0.0
16 verbose cwd /mnt/c/Users/Jhonn/Documents/Projects/react-todo
17 error Linux 4.4.0-43-Microsoft
18 error argv "/usr/bin/nodejs" "/usr/bin/npm" "run" "webpack"
19 error node v6.10.2
20 error npm  v3.10.10
21 error code ELIFECYCLE
22 error learning-react@1.0.0 webpack: `webpack --watch`
22 error Exit status 1
23 error Failed at the learning-react@1.0.0 webpack script 'webpack --watch'.
23 error Make sure you have the latest version of node.js and npm installed.
23 error If you do, this is most likely a problem with the learning-react package,
23 error not with npm itself.
23 error Tell the author that this fails on your system:
23 error     webpack --watch
23 error You can get information on how to open an issue for this project with:
23 error     npm bugs learning-react
23 error Or if that isn't available, you can get their info via:
23 error     npm owner ls learning-react
23 error There is likely additional logging output above.
24 verbose exit [ 1, true ]
